Analysis & Synthesis report for instruction_fetch
Fri Nov 30 17:44:57 2018
Quartus Prime Version 16.0.0 Build 211 04/27/2016 SJ Lite Edition


---------------------
; Table of Contents ;
---------------------
  1. Legal Notice
  2. Analysis & Synthesis Summary
  3. Analysis & Synthesis Settings
  4. Parallel Compilation
  5. Analysis & Synthesis Messages



----------------
; Legal Notice ;
----------------
Copyright (C) 1991-2016 Altera Corporation. All rights reserved.
Your use of Altera Corporation's design tools, logic functions 
and other software and tools, and its AMPP partner logic 
functions, and any output files from any of the foregoing 
(including device programming or simulation files), and any 
associated documentation or information are expressly subject 
to the terms and conditions of the Altera Program License 
Subscription Agreement, the Altera Quartus Prime License Agreement,
the Altera MegaCore Function License Agreement, or other 
applicable license agreement, including, without limitation, 
that your use is for the sole purpose of programming logic 
devices manufactured by Altera and sold by Altera or its 
authorized distributors.  Please refer to the applicable 
agreement for further details.



+----------------------------------------------------------------------------------+
; Analysis & Synthesis Summary                                                     ;
+------------------------------------+---------------------------------------------+
; Analysis & Synthesis Status        ; Failed - Fri Nov 30 17:44:57 2018           ;
; Quartus Prime Version              ; 16.0.0 Build 211 04/27/2016 SJ Lite Edition ;
; Revision Name                      ; instruction_fetch                           ;
; Top-level Entity Name              ; instruction_fetch                           ;
; Family                             ; Cyclone IV E                                ;
; Total logic elements               ; N/A until Partition Merge                   ;
;     Total combinational functions  ; N/A until Partition Merge                   ;
;     Dedicated logic registers      ; N/A until Partition Merge                   ;
; Total registers                    ; N/A until Partition Merge                   ;
; Total pins                         ; N/A until Partition Merge                   ;
; Total virtual pins                 ; N/A until Partition Merge                   ;
; Total memory bits                  ; N/A until Partition Merge                   ;
; Embedded Multiplier 9-bit elements ; N/A until Partition Merge                   ;
; Total PLLs                         ; N/A until Partition Merge                   ;
+------------------------------------+---------------------------------------------+


+----------------------------------------------------------------------------------------------------------------------+
; Analysis & Synthesis Settings                                                                                        ;
+----------------------------------------------------------------------------+--------------------+--------------------+
; Option                                                                     ; Setting            ; Default Value      ;
+----------------------------------------------------------------------------+--------------------+--------------------+
; Top-level entity name                                                      ; instruction_fetch  ; instruction_fetch  ;
; Family name                                                                ; Cyclone IV E       ; Cyclone V          ;
; Use smart compilation                                                      ; Off                ; Off                ;
; Enable parallel Assembler and TimeQuest Timing Analyzer during compilation ; On                 ; On                 ;
; Enable compact report table                                                ; Off                ; Off                ;
; Restructure Multiplexers                                                   ; Auto               ; Auto               ;
; Create Debugging Nodes for IP Cores                                        ; Off                ; Off                ;
; Preserve fewer node names                                                  ; On                 ; On                 ;
; Disable OpenCore Plus hardware evaluation                                  ; Off                ; Off                ;
; Verilog Version                                                            ; Verilog_2001       ; Verilog_2001       ;
; VHDL Version                                                               ; VHDL_1993          ; VHDL_1993          ;
; State Machine Processing                                                   ; Auto               ; Auto               ;
; Safe State Machine                                                         ; Off                ; Off                ;
; Extract Verilog State Machines                                             ; On                 ; On                 ;
; Extract VHDL State Machines                                                ; On                 ; On                 ;
; Ignore Verilog initial constructs                                          ; Off                ; Off                ;
; Iteration limit for constant Verilog loops                                 ; 5000               ; 5000               ;
; Iteration limit for non-constant Verilog loops                             ; 250                ; 250                ;
; Add Pass-Through Logic to Inferred RAMs                                    ; On                 ; On                 ;
; Infer RAMs from Raw Logic                                                  ; On                 ; On                 ;
; Parallel Synthesis                                                         ; On                 ; On                 ;
; DSP Block Balancing                                                        ; Auto               ; Auto               ;
; NOT Gate Push-Back                                                         ; On                 ; On                 ;
; Power-Up Don't Care                                                        ; On                 ; On                 ;
; Remove Redundant Logic Cells                                               ; Off                ; Off                ;
; Remove Duplicate Registers                                                 ; On                 ; On                 ;
; Ignore CARRY Buffers                                                       ; Off                ; Off                ;
; Ignore CASCADE Buffers                                                     ; Off                ; Off                ;
; Ignore GLOBAL Buffers                                                      ; Off                ; Off                ;
; Ignore ROW GLOBAL Buffers                                                  ; Off                ; Off                ;
; Ignore LCELL Buffers                                                       ; Off                ; Off                ;
; Ignore SOFT Buffers                                                        ; On                 ; On                 ;
; Limit AHDL Integers to 32 Bits                                             ; Off                ; Off                ;
; Optimization Technique                                                     ; Balanced           ; Balanced           ;
; Carry Chain Length                                                         ; 70                 ; 70                 ;
; Auto Carry Chains                                                          ; On                 ; On                 ;
; Auto Open-Drain Pins                                                       ; On                 ; On                 ;
; Perform WYSIWYG Primitive Resynthesis                                      ; Off                ; Off                ;
; Auto ROM Replacement                                                       ; On                 ; On                 ;
; Auto RAM Replacement                                                       ; On                 ; On                 ;
; Auto DSP Block Replacement                                                 ; On                 ; On                 ;
; Auto Shift Register Replacement                                            ; Auto               ; Auto               ;
; Allow Shift Register Merging across Hierarchies                            ; Auto               ; Auto               ;
; Auto Clock Enable Replacement                                              ; On                 ; On                 ;
; Strict RAM Replacement                                                     ; Off                ; Off                ;
; Allow Synchronous Control Signals                                          ; On                 ; On                 ;
; Force Use of Synchronous Clear Signals                                     ; Off                ; Off                ;
; Auto RAM Block Balancing                                                   ; On                 ; On                 ;
; Auto RAM to Logic Cell Conversion                                          ; Off                ; Off                ;
; Auto Resource Sharing                                                      ; Off                ; Off                ;
; Allow Any RAM Size For Recognition                                         ; Off                ; Off                ;
; Allow Any ROM Size For Recognition                                         ; Off                ; Off                ;
; Allow Any Shift Register Size For Recognition                              ; Off                ; Off                ;
; Use LogicLock Constraints during Resource Balancing                        ; On                 ; On                 ;
; Ignore translate_off and synthesis_off directives                          ; Off                ; Off                ;
; Timing-Driven Synthesis                                                    ; On                 ; On                 ;
; Report Parameter Settings                                                  ; On                 ; On                 ;
; Report Source Assignments                                                  ; On                 ; On                 ;
; Report Connectivity Checks                                                 ; On                 ; On                 ;
; Ignore Maximum Fan-Out Assignments                                         ; Off                ; Off                ;
; Synchronization Register Chain Length                                      ; 2                  ; 2                  ;
; PowerPlay Power Optimization During Synthesis                              ; Normal compilation ; Normal compilation ;
; HDL message level                                                          ; Level2             ; Level2             ;
; Suppress Register Optimization Related Messages                            ; Off                ; Off                ;
; Number of Removed Registers Reported in Synthesis Report                   ; 5000               ; 5000               ;
; Number of Swept Nodes Reported in Synthesis Report                         ; 5000               ; 5000               ;
; Number of Inverted Registers Reported in Synthesis Report                  ; 100                ; 100                ;
; Clock MUX Protection                                                       ; On                 ; On                 ;
; Auto Gated Clock Conversion                                                ; Off                ; Off                ;
; Block Design Naming                                                        ; Auto               ; Auto               ;
; SDC constraint protection                                                  ; Off                ; Off                ;
; Synthesis Effort                                                           ; Auto               ; Auto               ;
; Shift Register Replacement - Allow Asynchronous Clear Signal               ; On                 ; On                 ;
; Pre-Mapping Resynthesis Optimization                                       ; Off                ; Off                ;
; Analysis & Synthesis Message Level                                         ; Medium             ; Medium             ;
; Disable Register Merging Across Hierarchies                                ; Auto               ; Auto               ;
; Resource Aware Inference For Block RAM                                     ; On                 ; On                 ;
; Synthesis Seed                                                             ; 1                  ; 1                  ;
+----------------------------------------------------------------------------+--------------------+--------------------+


Parallel compilation was disabled, but you have multiple processors available. Enable parallel compilation to reduce compilation time.
+-------------------------------------+
; Parallel Compilation                ;
+----------------------------+--------+
; Processors                 ; Number ;
+----------------------------+--------+
; Number detected on machine ; 4      ;
; Maximum allowed            ; 1      ;
+----------------------------+--------+


+-------------------------------+
; Analysis & Synthesis Messages ;
+-------------------------------+
Info: *******************************************************************
Info: Running Quartus Prime Analysis & Synthesis
    Info: Version 16.0.0 Build 211 04/27/2016 SJ Lite Edition
    Info: Processing started: Fri Nov 30 17:44:46 2018
Info: Command: quartus_map --read_settings_files=on --write_settings_files=off instruction_fetch -c instruction_fetch
Warning (20028): Parallel compilation is not licensed and has been disabled
Info (12021): Found 2 design units, including 1 entities, in source file register_16.vhd
    Info (12022): Found design unit 1: register_16-arch File: /home/karman/6-staged-pipelined-processor/register_16.vhd Line: 17
    Info (12023): Found entity 1: register_16 File: /home/karman/6-staged-pipelined-processor/register_16.vhd Line: 8
Info (12021): Found 2 design units, including 1 entities, in source file instruction_memory.vhd
    Info (12022): Found design unit 1: instruction_memory-arch File: /home/karman/6-staged-pipelined-processor/instruction_memory.vhd Line: 20
    Info (12023): Found entity 1: instruction_memory File: /home/karman/6-staged-pipelined-processor/instruction_memory.vhd Line: 10
Info (12021): Found 2 design units, including 1 entities, in source file incrementer_pc.vhd
    Info (12022): Found design unit 1: incrementer_pc-arch File: /home/karman/6-staged-pipelined-processor/incrementer_pc.vhd Line: 16
    Info (12023): Found entity 1: incrementer_pc File: /home/karman/6-staged-pipelined-processor/incrementer_pc.vhd Line: 9
Info (12021): Found 1 design units, including 0 entities, in source file memory.vhd
    Info (12022): Found design unit 1: memory File: /home/karman/6-staged-pipelined-processor/memory.vhd Line: 8
Info (12021): Found 1 design units, including 0 entities, in source file components_init.vhd
    Info (12022): Found design unit 1: components_init File: /home/karman/6-staged-pipelined-processor/components_init.vhd Line: 7
Info (12021): Found 2 design units, including 1 entities, in source file instruction_fetch.vhd
    Info (12022): Found design unit 1: instruction_fetch-arch File: /home/karman/6-staged-pipelined-processor/instruction_fetch.vhd Line: 45
    Info (12023): Found entity 1: instruction_fetch File: /home/karman/6-staged-pipelined-processor/instruction_fetch.vhd Line: 8
Info (12127): Elaborating entity "instruction_fetch" for the top level hierarchy
Warning (10492): VHDL Process Statement warning at instruction_fetch.vhd(63): signal "reset" is read inside the Process Statement but isn't in the Process Statement's sensitivity list File: /home/karman/6-staged-pipelined-processor/instruction_fetch.vhd Line: 63
Warning (10631): VHDL Process Statement warning at instruction_fetch.vhd(61): inferring latch(es) for signal or variable "pc_register_out", which holds its previous value in one or more paths through the process File: /home/karman/6-staged-pipelined-processor/instruction_fetch.vhd Line: 61
Info (10041): Inferred latch for "pc_register_out[0]" at instruction_fetch.vhd(61) File: /home/karman/6-staged-pipelined-processor/instruction_fetch.vhd Line: 61
Info (10041): Inferred latch for "pc_register_out[1]" at instruction_fetch.vhd(61) File: /home/karman/6-staged-pipelined-processor/instruction_fetch.vhd Line: 61
Info (10041): Inferred latch for "pc_register_out[2]" at instruction_fetch.vhd(61) File: /home/karman/6-staged-pipelined-processor/instruction_fetch.vhd Line: 61
Info (10041): Inferred latch for "pc_register_out[3]" at instruction_fetch.vhd(61) File: /home/karman/6-staged-pipelined-processor/instruction_fetch.vhd Line: 61
Info (10041): Inferred latch for "pc_register_out[4]" at instruction_fetch.vhd(61) File: /home/karman/6-staged-pipelined-processor/instruction_fetch.vhd Line: 61
Info (10041): Inferred latch for "pc_register_out[5]" at instruction_fetch.vhd(61) File: /home/karman/6-staged-pipelined-processor/instruction_fetch.vhd Line: 61
Info (10041): Inferred latch for "pc_register_out[6]" at instruction_fetch.vhd(61) File: /home/karman/6-staged-pipelined-processor/instruction_fetch.vhd Line: 61
Info (10041): Inferred latch for "pc_register_out[7]" at instruction_fetch.vhd(61) File: /home/karman/6-staged-pipelined-processor/instruction_fetch.vhd Line: 61
Info (10041): Inferred latch for "pc_register_out[8]" at instruction_fetch.vhd(61) File: /home/karman/6-staged-pipelined-processor/instruction_fetch.vhd Line: 61
Info (10041): Inferred latch for "pc_register_out[9]" at instruction_fetch.vhd(61) File: /home/karman/6-staged-pipelined-processor/instruction_fetch.vhd Line: 61
Info (10041): Inferred latch for "pc_register_out[10]" at instruction_fetch.vhd(61) File: /home/karman/6-staged-pipelined-processor/instruction_fetch.vhd Line: 61
Info (10041): Inferred latch for "pc_register_out[11]" at instruction_fetch.vhd(61) File: /home/karman/6-staged-pipelined-processor/instruction_fetch.vhd Line: 61
Info (10041): Inferred latch for "pc_register_out[12]" at instruction_fetch.vhd(61) File: /home/karman/6-staged-pipelined-processor/instruction_fetch.vhd Line: 61
Info (10041): Inferred latch for "pc_register_out[13]" at instruction_fetch.vhd(61) File: /home/karman/6-staged-pipelined-processor/instruction_fetch.vhd Line: 61
Info (10041): Inferred latch for "pc_register_out[14]" at instruction_fetch.vhd(61) File: /home/karman/6-staged-pipelined-processor/instruction_fetch.vhd Line: 61
Info (10041): Inferred latch for "pc_register_out[15]" at instruction_fetch.vhd(61) File: /home/karman/6-staged-pipelined-processor/instruction_fetch.vhd Line: 61
Error (10028): Can't resolve multiple constant drivers for net "pc_register_out[15]" at instruction_fetch.vhd(80) File: /home/karman/6-staged-pipelined-processor/instruction_fetch.vhd Line: 80
Error (10029): Constant driver at instruction_fetch.vhd(61) File: /home/karman/6-staged-pipelined-processor/instruction_fetch.vhd Line: 61
Error (10028): Can't resolve multiple constant drivers for net "pc_register_out[14]" at instruction_fetch.vhd(80) File: /home/karman/6-staged-pipelined-processor/instruction_fetch.vhd Line: 80
Error (10028): Can't resolve multiple constant drivers for net "pc_register_out[13]" at instruction_fetch.vhd(80) File: /home/karman/6-staged-pipelined-processor/instruction_fetch.vhd Line: 80
Error (10028): Can't resolve multiple constant drivers for net "pc_register_out[12]" at instruction_fetch.vhd(80) File: /home/karman/6-staged-pipelined-processor/instruction_fetch.vhd Line: 80
Error (10028): Can't resolve multiple constant drivers for net "pc_register_out[11]" at instruction_fetch.vhd(80) File: /home/karman/6-staged-pipelined-processor/instruction_fetch.vhd Line: 80
Error (10028): Can't resolve multiple constant drivers for net "pc_register_out[10]" at instruction_fetch.vhd(80) File: /home/karman/6-staged-pipelined-processor/instruction_fetch.vhd Line: 80
Error (10028): Can't resolve multiple constant drivers for net "pc_register_out[9]" at instruction_fetch.vhd(80) File: /home/karman/6-staged-pipelined-processor/instruction_fetch.vhd Line: 80
Error (10028): Can't resolve multiple constant drivers for net "pc_register_out[8]" at instruction_fetch.vhd(80) File: /home/karman/6-staged-pipelined-processor/instruction_fetch.vhd Line: 80
Error (10028): Can't resolve multiple constant drivers for net "pc_register_out[7]" at instruction_fetch.vhd(80) File: /home/karman/6-staged-pipelined-processor/instruction_fetch.vhd Line: 80
Error (10028): Can't resolve multiple constant drivers for net "pc_register_out[6]" at instruction_fetch.vhd(80) File: /home/karman/6-staged-pipelined-processor/instruction_fetch.vhd Line: 80
Error (10028): Can't resolve multiple constant drivers for net "pc_register_out[5]" at instruction_fetch.vhd(80) File: /home/karman/6-staged-pipelined-processor/instruction_fetch.vhd Line: 80
Error (10028): Can't resolve multiple constant drivers for net "pc_register_out[4]" at instruction_fetch.vhd(80) File: /home/karman/6-staged-pipelined-processor/instruction_fetch.vhd Line: 80
Error (10028): Can't resolve multiple constant drivers for net "pc_register_out[3]" at instruction_fetch.vhd(80) File: /home/karman/6-staged-pipelined-processor/instruction_fetch.vhd Line: 80
Error (10028): Can't resolve multiple constant drivers for net "pc_register_out[2]" at instruction_fetch.vhd(80) File: /home/karman/6-staged-pipelined-processor/instruction_fetch.vhd Line: 80
Error (10028): Can't resolve multiple constant drivers for net "pc_register_out[1]" at instruction_fetch.vhd(80) File: /home/karman/6-staged-pipelined-processor/instruction_fetch.vhd Line: 80
Error (10028): Can't resolve multiple constant drivers for net "pc_register_out[0]" at instruction_fetch.vhd(80) File: /home/karman/6-staged-pipelined-processor/instruction_fetch.vhd Line: 80
Error (12153): Can't elaborate top-level user hierarchy
Error: Quartus Prime Analysis & Synthesis was unsuccessful. 18 errors, 3 warnings
    Error: Peak virtual memory: 1228 megabytes
    Error: Processing ended: Fri Nov 30 17:44:57 2018
    Error: Elapsed time: 00:00:11
    Error: Total CPU time (on all processors): 00:00:26


